<?xml version="1.0" encoding="UTF-8"?>
<!-- Generated by org.testng.reporters.JUnitXMLReporter -->
<testsuite ignored="0" hostname="DESKTOP-RVJV18D" failures="0" tests="1" name="Test(failed)" time="0.131" errors="0" timestamp="2023-10-02T01:02:30 IST">
  <testcase classname="com.project.baseclass.signIn_QATest" name="@BeforeClass signIn" time="0.003">
    <failure type="java.lang.NoSuchMethodError" message="&amp;apos;void org.openqa.selenium.support.PageFactory.initElements(org.openqa.selenium.SearchContext, java.lang.Object)&amp;apos;">
      <![CDATA[java.lang.NoSuchMethodError: 'void org.openqa.selenium.support.PageFactory.initElements(org.openqa.selenium.SearchContext, java.lang.Object)'
at com.project.code.signIn_QAdev.<init>(signIn_QAdev.java:28)
at com.project.baseclass.signIn_QATest.signIn(signIn_QATest.java:29)
at java.base/java.util.ArrayList.forEach(ArrayList.java:1511)
... Removed 23 stack frames]]>
    </failure>
  </testcase> <!-- @BeforeClass signIn -->
  <testcase classname="com.project.baseclass.signIn_QATest" name="loginTest" time="0.001">
    <skipped/>
  </testcase> <!-- loginTest -->
</testsuite> <!-- Test(failed) -->
